2016/09/09 18:05版本号v3.4.1 HD
更新内容：
1、架构更新，替换了过期技术，提高了稳定性和流畅性；
2、界面细节优化。

2016/08/23 18:05版本号v3.3.7 HD
更新内容：
1、采集坐标时添加导入、导出功能；
2、坐标定位时提供坐标的查看、导出功能；
3、优化定位功能；
4、添加指北针。

2016/07/27 3:28版本号v3.3.6 HD
更新内容：
1、优化了项目查询和分析功能；
1、遥感影像增加项目填报、定位拍照功能；
2、系统其它部分优化。

2016/07/12 11:13版本号v3.3.4 HD
更新内容：
1、更新了坐标转换算法、接入了高精度的定位设备
2、系统其它部分优化。

2016/03/25 11:34版本号v3.3.3 HD
更新内容：
1、集成坐标转换算法，优化地图定位功能;
2、增加消息分享功能、群消息;
3、系统其它部分优化。

2015/12/14 10:57版本号v3.2.2 HD
更新内容：
1、新增即时通讯功能;
2、坐标分析功能更新;
3、部分系统图标更改。

2015/11/27 11:07版本号v3.2.2 HD
更新内容：
1、再办箱提速更新;
2、界面改版，增加侧滑功能，设置、个人中心移动到侧滑界面;
3、增加设备绑定功能;
4、增加清除缓存功能。


==========================================================
2015年7月8日
版本号：v2.0.2 HD
----------------------------------------------------------
1、解决了与公司考勤冲突的问题
2、部分4.4机型失败问题、
3、解决android 5.0不兼容的问题，
4、设置增加个人通讯录、部门通讯录电话和短信功能
5、增加待办案卷统计，并显示统计数量到桌面
6、增加消息提醒功能
7、优化了部分界面显示
==========================================================
